<?xml version="1.0" encoding="UTF-8"?>
<testng-results ignored="0" total="1" passed="1" failed="0" skipped="0">
  <reporter-output>
  </reporter-output>
  <suite started-at="2024-10-24T13:44:56 IST" name="Default suite" finished-at="2024-10-24T13:45:19 IST" duration-ms="22817">
    <groups>
    </groups>
    <test started-at="2024-10-24T13:44:56 IST" name="Default test" finished-at="2024-10-24T13:45:19 IST" duration-ms="22817">
      <class name="seleniumScripts.CloaseOnlyChildBrowser">
        <test-method signature="CloaseOnlyChildBrowser()[pri:0, instance:seleniumScripts.CloaseOnlyChildBrowser@3da30852]" started-at="2024-10-24T13:44:56 IST" name="CloaseOnlyChildBrowser" finished-at="2024-10-24T13:45:19 IST" duration-ms="22777" status="PASS">
          <reporter-output>
          </reporter-output>
        </test-method> <!-- CloaseOnlyChildBrowser -->
      </class> <!-- seleniumScripts.CloaseOnlyChildBrowser -->
    </test> <!-- Default test -->
  </suite> <!-- Default suite -->
</testng-results>
